{"level":"info","message":"Logger initialized and ready to use.","service":"Hollywood Smile Center","timestamp":"2024-11-17 23:47:39"}
{"level":"info","message":"Server running in development mode on port 5001","service":"Hollywood Smile Center","timestamp":"2024-11-17 23:47:39"}
{"level":"info","message":"MongoDB connected successfully","service":"Hollywood Smile Center","timestamp":"2024-11-17 23:47:40"}
{"level":"info","message":"Admin user already exists","service":"Hollywood Smile Center","timestamp":"2024-11-17 23:47:41"}
{"level":"info","message":"Logger initialized and ready to use.","service":"Hollywood Smile Center","timestamp":"2024-11-18 00:02:04"}
{"level":"info","message":"Server running in development mode on port 5001 ...","service":"Hollywood Smile Center","timestamp":"2024-11-18 00:02:06"}
{"level":"info","message":"MongoDB connected successfully","service":"Hollywood Smile Center","timestamp":"2024-11-18 00:02:07"}
{"level":"info","message":"Admin user already exists","service":"Hollywood Smile Center","timestamp":"2024-11-18 00:02:08"}
{"level":"info","message":"Logger initialized and ready to use.","service":"Hollywood Smile Center","timestamp":"2024-11-18 00:04:12"}
{"level":"info","message":"Server running in development mode on port 5001 ...","service":"Hollywood Smile Center","timestamp":"2024-11-18 00:04:13"}
{"level":"info","message":"MongoDB connected successfully","service":"Hollywood Smile Center","timestamp":"2024-11-18 00:04:14"}
{"level":"info","message":"Admin user already exists","service":"Hollywood Smile Center","timestamp":"2024-11-18 00:04:14"}
{"level":"info","message":"Logger initialized and ready to use.","service":"Hollywood Smile Center","timestamp":"2024-11-18 00:58:37"}
{"level":"info","message":"Server running in development mode on port 5001 ...","service":"Hollywood Smile Center","timestamp":"2024-11-18 00:58:41"}
{"level":"info","message":"MongoDB connected successfully","service":"Hollywood Smile Center","timestamp":"2024-11-18 00:58:42"}
{"level":"info","message":"Admin user already exists","service":"Hollywood Smile Center","timestamp":"2024-11-18 00:58:42"}
{"level":"info","message":"Logger initialized and ready to use.","service":"Hollywood Smile Center","timestamp":"2024-11-18 01:02:28"}
{"level":"info","message":"Server running in development mode on port 5001 ...","service":"Hollywood Smile Center","timestamp":"2024-11-18 01:02:30"}
{"level":"info","message":"MongoDB connected successfully","service":"Hollywood Smile Center","timestamp":"2024-11-18 01:02:31"}
{"level":"info","message":"Admin user already exists","service":"Hollywood Smile Center","timestamp":"2024-11-18 01:02:31"}
{"level":"info","message":"Logger initialized and ready to use.","service":"Hollywood Smile Center","timestamp":"2024-11-18 01:10:36"}
{"level":"info","message":"Server running in development mode on port 5001 ...","service":"Hollywood Smile Center","timestamp":"2024-11-18 01:10:37"}
{"level":"info","message":"MongoDB connected successfully","service":"Hollywood Smile Center","timestamp":"2024-11-18 01:10:38"}
{"level":"info","message":"Admin user already exists","service":"Hollywood Smile Center","timestamp":"2024-11-18 01:10:38"}
{"level":"info","message":"Logger initialized and ready to use.","service":"Hollywood Smile Center","timestamp":"2024-11-18 01:13:00"}
{"level":"info","message":"Server running in development mode on port 5001 ...","service":"Hollywood Smile Center","timestamp":"2024-11-18 01:13:04"}
{"level":"info","message":"Logger initialized and ready to use.","service":"Hollywood Smile Center","timestamp":"2024-11-18 01:13:06"}
{"level":"info","message":"Server running in development mode on port 5001 ...","service":"Hollywood Smile Center","timestamp":"2024-11-18 01:13:06"}
{"level":"info","message":"MongoDB connected successfully","service":"Hollywood Smile Center","timestamp":"2024-11-18 01:13:07"}
{"level":"info","message":"Admin user already exists","service":"Hollywood Smile Center","timestamp":"2024-11-18 01:13:08"}
{"level":"info","message":"Logger initialized and ready to use.","service":"Hollywood Smile Center","timestamp":"2024-11-18 01:24:12"}
{"level":"info","message":"Server running in development mode on port 5001 ...","service":"Hollywood Smile Center","timestamp":"2024-11-18 01:24:13"}
{"level":"info","message":"MongoDB connected successfully","service":"Hollywood Smile Center","timestamp":"2024-11-18 01:24:15"}
{"level":"info","message":"Admin user already exists","service":"Hollywood Smile Center","timestamp":"2024-11-18 01:24:15"}
{"level":"info","message":"Logger initialized and ready to use.","service":"Hollywood Smile Center","timestamp":"2024-11-18 01:24:26"}
{"level":"info","message":"Server running in development mode on port 5001 ...","service":"Hollywood Smile Center","timestamp":"2024-11-18 01:24:26"}
{"level":"info","message":"MongoDB connected successfully","service":"Hollywood Smile Center","timestamp":"2024-11-18 01:24:27"}
{"level":"info","message":"Admin user already exists","service":"Hollywood Smile Center","timestamp":"2024-11-18 01:24:27"}
{"level":"info","message":"Logger initialized and ready to use.","service":"Hollywood Smile Center","timestamp":"2024-11-18 01:24:35"}
{"level":"info","message":"Server running in development mode on port 5001 ...","service":"Hollywood Smile Center","timestamp":"2024-11-18 01:24:35"}
{"level":"info","message":"MongoDB connected successfully","service":"Hollywood Smile Center","timestamp":"2024-11-18 01:24:36"}
{"level":"info","message":"Admin user already exists","service":"Hollywood Smile Center","timestamp":"2024-11-18 01:24:36"}
{"level":"info","message":"Logger initialized and ready to use.","service":"Hollywood Smile Center","timestamp":"2024-11-18 01:24:43"}
{"level":"info","message":"Server running in development mode on port 5001 ...","service":"Hollywood Smile Center","timestamp":"2024-11-18 01:24:43"}
{"level":"info","message":"MongoDB connected successfully","service":"Hollywood Smile Center","timestamp":"2024-11-18 01:24:44"}
{"level":"info","message":"Admin user already exists","service":"Hollywood Smile Center","timestamp":"2024-11-18 01:24:45"}
{"level":"info","message":"Logger initialized and ready to use.","service":"Hollywood Smile Center","timestamp":"2024-11-18 01:24:52"}
{"level":"info","message":"Server running in development mode on port 5001 ...","service":"Hollywood Smile Center","timestamp":"2024-11-18 01:24:52"}
{"level":"info","message":"MongoDB connected successfully","service":"Hollywood Smile Center","timestamp":"2024-11-18 01:24:53"}
{"level":"info","message":"Admin user already exists","service":"Hollywood Smile Center","timestamp":"2024-11-18 01:24:54"}
{"level":"info","message":"Logger initialized and ready to use.","service":"Hollywood Smile Center","timestamp":"2024-11-18 01:24:57"}
{"level":"info","message":"Server running in development mode on port 5001 ...","service":"Hollywood Smile Center","timestamp":"2024-11-18 01:24:58"}
{"level":"info","message":"Logger initialized and ready to use.","service":"Hollywood Smile Center","timestamp":"2024-11-18 01:25:00"}
{"level":"info","message":"Server running in development mode on port 5001 ...","service":"Hollywood Smile Center","timestamp":"2024-11-18 01:25:01"}
{"level":"info","message":"Logger initialized and ready to use.","service":"Hollywood Smile Center","timestamp":"2024-11-18 01:25:02"}
{"level":"info","message":"Server running in development mode on port 5001 ...","service":"Hollywood Smile Center","timestamp":"2024-11-18 01:25:03"}
{"level":"info","message":"MongoDB connected successfully","service":"Hollywood Smile Center","timestamp":"2024-11-18 01:25:04"}
{"level":"info","message":"Admin user already exists","service":"Hollywood Smile Center","timestamp":"2024-11-18 01:25:04"}
{"level":"info","message":"Logger initialized and ready to use.","service":"Hollywood Smile Center","timestamp":"2024-11-18 01:25:10"}
{"level":"info","message":"Server running in development mode on port 5001 ...","service":"Hollywood Smile Center","timestamp":"2024-11-18 01:25:10"}
{"level":"info","message":"MongoDB connected successfully","service":"Hollywood Smile Center","timestamp":"2024-11-18 01:25:11"}
{"level":"info","message":"Admin user already exists","service":"Hollywood Smile Center","timestamp":"2024-11-18 01:25:12"}
{"level":"info","message":"Logger initialized and ready to use.","service":"Hollywood Smile Center","timestamp":"2024-11-18 01:25:25"}
{"level":"info","message":"Server running in development mode on port 5001 ...","service":"Hollywood Smile Center","timestamp":"2024-11-18 01:25:25"}
{"level":"info","message":"MongoDB connected successfully","service":"Hollywood Smile Center","timestamp":"2024-11-18 01:25:26"}
{"level":"info","message":"Admin user already exists","service":"Hollywood Smile Center","timestamp":"2024-11-18 01:25:26"}
{"level":"info","message":"Logger initialized and ready to use.","service":"Hollywood Smile Center","timestamp":"2024-11-18 01:25:34"}
{"level":"info","message":"Server running in development mode on port 5001 ...","service":"Hollywood Smile Center","timestamp":"2024-11-18 01:25:35"}
{"level":"info","message":"MongoDB connected successfully","service":"Hollywood Smile Center","timestamp":"2024-11-18 01:25:36"}
{"level":"info","message":"Admin user already exists","service":"Hollywood Smile Center","timestamp":"2024-11-18 01:25:36"}
{"level":"info","message":"Logger initialized and ready to use.","service":"Hollywood Smile Center","timestamp":"2024-11-18 01:31:19"}
{"level":"info","message":"Server running in development mode on port 5001 ...","service":"Hollywood Smile Center","timestamp":"2024-11-18 01:31:21"}
{"level":"info","message":"MongoDB connected successfully","service":"Hollywood Smile Center","timestamp":"2024-11-18 01:31:23"}
{"level":"info","message":"Admin user already exists","service":"Hollywood Smile Center","timestamp":"2024-11-18 01:31:23"}
{"level":"info","message":"Logger initialized and ready to use.","service":"Hollywood Smile Center","timestamp":"2024-11-18 01:36:52"}
{"level":"info","message":"Server running in development mode on port 5001 ...","service":"Hollywood Smile Center","timestamp":"2024-11-18 01:36:53"}
{"level":"info","message":"MongoDB connected successfully","service":"Hollywood Smile Center","timestamp":"2024-11-18 01:36:54"}
{"level":"info","message":"Admin user already exists","service":"Hollywood Smile Center","timestamp":"2024-11-18 01:36:54"}
{"level":"info","message":"Logger initialized and ready to use.","service":"Hollywood Smile Center","timestamp":"2024-11-18 14:57:00"}
{"level":"info","message":"Server running in development mode on port 5001 ...","service":"Hollywood Smile Center","timestamp":"2024-11-18 14:57:08"}
{"level":"info","message":"MongoDB connected successfully","service":"Hollywood Smile Center","timestamp":"2024-11-18 14:57:10"}
{"level":"info","message":"Admin user already exists","service":"Hollywood Smile Center","timestamp":"2024-11-18 14:57:10"}
{"level":"info","message":"Logger initialized and ready to use.","service":"Hollywood Smile Center","timestamp":"2024-11-18 15:07:14"}
{"level":"info","message":"Server running in development mode on port 5001 ...","service":"Hollywood Smile Center","timestamp":"2024-11-18 15:07:17"}
{"level":"info","message":"MongoDB connected successfully","service":"Hollywood Smile Center","timestamp":"2024-11-18 15:07:18"}
{"level":"info","message":"Admin user already exists","service":"Hollywood Smile Center","timestamp":"2024-11-18 15:07:18"}
{"level":"info","message":"Logger initialized and ready to use.","service":"Hollywood Smile Center","timestamp":"2024-11-18 15:07:25"}
{"level":"info","message":"Server running in development mode on port 5001 ...","service":"Hollywood Smile Center","timestamp":"2024-11-18 15:07:25"}
{"level":"info","message":"Logger initialized and ready to use.","service":"Hollywood Smile Center","timestamp":"2024-11-18 15:07:28"}
{"level":"info","message":"Server running in development mode on port 5001 ...","service":"Hollywood Smile Center","timestamp":"2024-11-18 15:07:28"}
{"level":"info","message":"Logger initialized and ready to use.","service":"Hollywood Smile Center","timestamp":"2024-11-18 15:07:30"}
{"level":"info","message":"Server running in development mode on port 5001 ...","service":"Hollywood Smile Center","timestamp":"2024-11-18 15:07:30"}
{"level":"info","message":"MongoDB connected successfully","service":"Hollywood Smile Center","timestamp":"2024-11-18 15:07:31"}
{"level":"info","message":"Logger initialized and ready to use.","service":"Hollywood Smile Center","timestamp":"2024-11-18 15:07:33"}
{"level":"info","message":"Server running in development mode on port 5001 ...","service":"Hollywood Smile Center","timestamp":"2024-11-18 15:07:33"}
{"level":"info","message":"Logger initialized and ready to use.","service":"Hollywood Smile Center","timestamp":"2024-11-18 15:07:35"}
{"level":"info","message":"Server running in development mode on port 5001 ...","service":"Hollywood Smile Center","timestamp":"2024-11-18 15:07:36"}
{"level":"info","message":"Logger initialized and ready to use.","service":"Hollywood Smile Center","timestamp":"2024-11-18 15:07:38"}
{"level":"info","message":"Server running in development mode on port 5001 ...","service":"Hollywood Smile Center","timestamp":"2024-11-18 15:07:39"}
{"level":"info","message":"MongoDB connected successfully","service":"Hollywood Smile Center","timestamp":"2024-11-18 15:07:40"}
{"level":"info","message":"Admin user already exists","service":"Hollywood Smile Center","timestamp":"2024-11-18 15:07:40"}
{"level":"info","message":"Logger initialized and ready to use.","service":"Hollywood Smile Center","timestamp":"2024-11-18 15:07:48"}
{"level":"info","message":"Server running in development mode on port 5001 ...","service":"Hollywood Smile Center","timestamp":"2024-11-18 15:07:49"}
{"level":"info","message":"MongoDB connected successfully","service":"Hollywood Smile Center","timestamp":"2024-11-18 15:07:50"}
{"level":"info","message":"Admin user already exists","service":"Hollywood Smile Center","timestamp":"2024-11-18 15:07:50"}
{"level":"info","message":"Logger initialized and ready to use.","service":"Hollywood Smile Center","timestamp":"2024-11-18 15:07:53"}
{"level":"info","message":"Server running in development mode on port 5001 ...","service":"Hollywood Smile Center","timestamp":"2024-11-18 15:07:53"}
{"level":"info","message":"MongoDB connected successfully","service":"Hollywood Smile Center","timestamp":"2024-11-18 15:07:54"}
{"level":"info","message":"Admin user already exists","service":"Hollywood Smile Center","timestamp":"2024-11-18 15:07:54"}
{"level":"info","message":"Logger initialized and ready to use.","service":"Hollywood Smile Center","timestamp":"2024-11-18 15:08:05"}
{"level":"info","message":"Server running in development mode on port 5001 ...","service":"Hollywood Smile Center","timestamp":"2024-11-18 15:08:06"}
{"level":"info","message":"MongoDB connected successfully","service":"Hollywood Smile Center","timestamp":"2024-11-18 15:08:07"}
{"level":"info","message":"Admin user already exists","service":"Hollywood Smile Center","timestamp":"2024-11-18 15:08:07"}
{"level":"info","message":"Logger initialized and ready to use.","service":"Hollywood Smile Center","timestamp":"2024-11-18 15:08:10"}
{"level":"info","message":"Server running in development mode on port 5001 ...","service":"Hollywood Smile Center","timestamp":"2024-11-18 15:08:10"}
{"level":"info","message":"MongoDB connected successfully","service":"Hollywood Smile Center","timestamp":"2024-11-18 15:08:11"}
{"level":"info","message":"Admin user already exists","service":"Hollywood Smile Center","timestamp":"2024-11-18 15:08:11"}
{"level":"info","message":"Logger initialized and ready to use.","service":"Hollywood Smile Center","timestamp":"2024-11-18 15:08:15"}
{"level":"info","message":"Server running in development mode on port 5001 ...","service":"Hollywood Smile Center","timestamp":"2024-11-18 15:08:15"}
{"level":"info","message":"Logger initialized and ready to use.","service":"Hollywood Smile Center","timestamp":"2024-11-18 15:08:17"}
{"level":"info","message":"Server running in development mode on port 5001 ...","service":"Hollywood Smile Center","timestamp":"2024-11-18 15:08:17"}
{"level":"info","message":"Logger initialized and ready to use.","service":"Hollywood Smile Center","timestamp":"2024-11-18 15:08:19"}
{"level":"info","message":"Server running in development mode on port 5001 ...","service":"Hollywood Smile Center","timestamp":"2024-11-18 15:08:19"}
{"level":"info","message":"Logger initialized and ready to use.","service":"Hollywood Smile Center","timestamp":"2024-11-18 15:08:27"}
{"level":"info","message":"Server running in development mode on port 5001 ...","service":"Hollywood Smile Center","timestamp":"2024-11-18 15:08:28"}
{"level":"info","message":"MongoDB connected successfully","service":"Hollywood Smile Center","timestamp":"2024-11-18 15:08:29"}
{"level":"info","message":"Admin user already exists","service":"Hollywood Smile Center","timestamp":"2024-11-18 15:08:29"}
{"level":"info","message":"Logger initialized and ready to use.","service":"Hollywood Smile Center","timestamp":"2024-11-18 15:24:28"}
{"level":"info","message":"Server running in development mode on port 5001 ...","service":"Hollywood Smile Center","timestamp":"2024-11-18 15:24:30"}
{"level":"info","message":"Logger initialized and ready to use.","service":"Hollywood Smile Center","timestamp":"2024-11-18 15:24:31"}
{"level":"info","message":"Server running in development mode on port 5001 ...","service":"Hollywood Smile Center","timestamp":"2024-11-18 15:24:31"}
{"level":"info","message":"MongoDB connected successfully","service":"Hollywood Smile Center","timestamp":"2024-11-18 15:24:32"}
{"level":"info","message":"Admin user already exists","service":"Hollywood Smile Center","timestamp":"2024-11-18 15:24:32"}
{"level":"info","message":"Logger initialized and ready to use.","service":"Hollywood Smile Center","timestamp":"2024-11-18 15:24:35"}
{"level":"info","message":"Server running in development mode on port 5001 ...","service":"Hollywood Smile Center","timestamp":"2024-11-18 15:24:35"}
{"level":"info","message":"MongoDB connected successfully","service":"Hollywood Smile Center","timestamp":"2024-11-18 15:24:36"}
{"level":"info","message":"Admin user already exists","service":"Hollywood Smile Center","timestamp":"2024-11-18 15:24:36"}
{"level":"info","message":"Logger initialized and ready to use.","service":"Hollywood Smile Center","timestamp":"2024-11-18 15:24:44"}
{"level":"info","message":"Server running in development mode on port 5001 ...","service":"Hollywood Smile Center","timestamp":"2024-11-18 15:24:45"}
{"level":"info","message":"MongoDB connected successfully","service":"Hollywood Smile Center","timestamp":"2024-11-18 15:24:46"}
{"level":"info","message":"Admin user already exists","service":"Hollywood Smile Center","timestamp":"2024-11-18 15:24:46"}
{"level":"info","message":"Logger initialized and ready to use.","service":"Hollywood Smile Center","timestamp":"2024-11-18 15:24:49"}
{"level":"info","message":"Server running in development mode on port 5001 ...","service":"Hollywood Smile Center","timestamp":"2024-11-18 15:24:49"}
{"level":"info","message":"MongoDB connected successfully","service":"Hollywood Smile Center","timestamp":"2024-11-18 15:24:50"}
{"level":"info","message":"Logger initialized and ready to use.","service":"Hollywood Smile Center","timestamp":"2024-11-18 15:24:53"}
{"level":"info","message":"Server running in development mode on port 5001 ...","service":"Hollywood Smile Center","timestamp":"2024-11-18 15:24:54"}
{"level":"info","message":"MongoDB connected successfully","service":"Hollywood Smile Center","timestamp":"2024-11-18 15:24:55"}
{"level":"info","message":"Admin user already exists","service":"Hollywood Smile Center","timestamp":"2024-11-18 15:24:55"}
{"level":"info","message":"Logger initialized and ready to use.","service":"Hollywood Smile Center","timestamp":"2024-11-18 15:25:07"}
{"level":"info","message":"Server running in development mode on port 5001 ...","service":"Hollywood Smile Center","timestamp":"2024-11-18 15:25:08"}
{"level":"info","message":"MongoDB connected successfully","service":"Hollywood Smile Center","timestamp":"2024-11-18 15:25:09"}
{"level":"info","message":"Admin user already exists","service":"Hollywood Smile Center","timestamp":"2024-11-18 15:25:09"}
{"level":"info","message":"Logger initialized and ready to use.","service":"Hollywood Smile Center","timestamp":"2024-11-18 15:25:10"}
{"level":"info","message":"Server running in development mode on port 5001 ...","service":"Hollywood Smile Center","timestamp":"2024-11-18 15:25:11"}
{"level":"info","message":"Logger initialized and ready to use.","service":"Hollywood Smile Center","timestamp":"2024-11-18 15:25:12"}
{"level":"info","message":"Server running in development mode on port 5001 ...","service":"Hollywood Smile Center","timestamp":"2024-11-18 15:25:12"}
{"level":"info","message":"MongoDB connected successfully","service":"Hollywood Smile Center","timestamp":"2024-11-18 15:25:13"}
{"level":"info","message":"Admin user already exists","service":"Hollywood Smile Center","timestamp":"2024-11-18 15:25:13"}
{"level":"info","message":"Logger initialized and ready to use.","service":"Hollywood Smile Center","timestamp":"2024-11-18 15:25:14"}
{"level":"info","message":"Server running in development mode on port 5001 ...","service":"Hollywood Smile Center","timestamp":"2024-11-18 15:25:15"}
{"level":"info","message":"MongoDB connected successfully","service":"Hollywood Smile Center","timestamp":"2024-11-18 15:25:16"}
{"level":"info","message":"Admin user already exists","service":"Hollywood Smile Center","timestamp":"2024-11-18 15:25:16"}
{"level":"info","message":"Logger initialized and ready to use.","service":"Hollywood Smile Center","timestamp":"2024-11-18 15:25:19"}
{"level":"info","message":"Server running in development mode on port 5001 ...","service":"Hollywood Smile Center","timestamp":"2024-11-18 15:25:19"}
{"level":"info","message":"Logger initialized and ready to use.","service":"Hollywood Smile Center","timestamp":"2024-11-18 15:25:21"}
{"level":"info","message":"Server running in development mode on port 5001 ...","service":"Hollywood Smile Center","timestamp":"2024-11-18 15:25:22"}
{"level":"info","message":"Logger initialized and ready to use.","service":"Hollywood Smile Center","timestamp":"2024-11-18 15:25:25"}
{"level":"info","message":"Server running in development mode on port 5001 ...","service":"Hollywood Smile Center","timestamp":"2024-11-18 15:25:25"}
{"level":"info","message":"MongoDB connected successfully","service":"Hollywood Smile Center","timestamp":"2024-11-18 15:25:26"}
{"level":"info","message":"Admin user already exists","service":"Hollywood Smile Center","timestamp":"2024-11-18 15:25:26"}
{"level":"info","message":"Logger initialized and ready to use.","service":"Hollywood Smile Center","timestamp":"2024-11-18 15:28:36"}
{"level":"info","message":"Server running in development mode on port 5001 ...","service":"Hollywood Smile Center","timestamp":"2024-11-18 15:28:37"}
{"level":"info","message":"MongoDB connected successfully","service":"Hollywood Smile Center","timestamp":"2024-11-18 15:28:38"}
{"level":"info","message":"Admin user already exists","service":"Hollywood Smile Center","timestamp":"2024-11-18 15:28:38"}
{"level":"info","message":"Logger initialized and ready to use.","service":"Hollywood Smile Center","timestamp":"2024-11-18 15:28:40"}
{"level":"info","message":"Server running in development mode on port 5001 ...","service":"Hollywood Smile Center","timestamp":"2024-11-18 15:28:40"}
{"level":"info","message":"MongoDB connected successfully","service":"Hollywood Smile Center","timestamp":"2024-11-18 15:28:41"}
{"level":"info","message":"Admin user already exists","service":"Hollywood Smile Center","timestamp":"2024-11-18 15:28:42"}
{"level":"info","message":"Logger initialized and ready to use.","service":"Hollywood Smile Center","timestamp":"2024-11-18 15:28:44"}
{"level":"info","message":"Server running in development mode on port 5001 ...","service":"Hollywood Smile Center","timestamp":"2024-11-18 15:28:44"}
{"level":"info","message":"MongoDB connected successfully","service":"Hollywood Smile Center","timestamp":"2024-11-18 15:28:45"}
{"level":"info","message":"Logger initialized and ready to use.","service":"Hollywood Smile Center","timestamp":"2024-11-18 15:28:46"}
{"level":"info","message":"Server running in development mode on port 5001 ...","service":"Hollywood Smile Center","timestamp":"2024-11-18 15:28:47"}
{"level":"info","message":"Logger initialized and ready to use.","service":"Hollywood Smile Center","timestamp":"2024-11-18 15:28:48"}
{"level":"info","message":"Server running in development mode on port 5001 ...","service":"Hollywood Smile Center","timestamp":"2024-11-18 15:28:48"}
{"level":"info","message":"MongoDB connected successfully","service":"Hollywood Smile Center","timestamp":"2024-11-18 15:28:49"}
{"level":"info","message":"Admin user already exists","service":"Hollywood Smile Center","timestamp":"2024-11-18 15:28:50"}
{"level":"info","message":"Logger initialized and ready to use.","service":"Hollywood Smile Center","timestamp":"2024-11-18 15:28:54"}
{"level":"info","message":"Server running in development mode on port 5001 ...","service":"Hollywood Smile Center","timestamp":"2024-11-18 15:28:54"}
{"level":"info","message":"MongoDB connected successfully","service":"Hollywood Smile Center","timestamp":"2024-11-18 15:28:55"}
{"level":"info","message":"Admin user already exists","service":"Hollywood Smile Center","timestamp":"2024-11-18 15:28:55"}
{"level":"info","message":"Logger initialized and ready to use.","service":"Hollywood Smile Center","timestamp":"2024-11-18 15:28:58"}
{"level":"info","message":"Server running in development mode on port 5001 ...","service":"Hollywood Smile Center","timestamp":"2024-11-18 15:28:58"}
{"level":"info","message":"Logger initialized and ready to use.","service":"Hollywood Smile Center","timestamp":"2024-11-18 15:29:00"}
{"level":"info","message":"Server running in development mode on port 5001 ...","service":"Hollywood Smile Center","timestamp":"2024-11-18 15:29:00"}
{"level":"info","message":"MongoDB connected successfully","service":"Hollywood Smile Center","timestamp":"2024-11-18 15:29:01"}
{"level":"info","message":"Admin user already exists","service":"Hollywood Smile Center","timestamp":"2024-11-18 15:29:01"}
{"level":"info","message":"Logger initialized and ready to use.","service":"Hollywood Smile Center","timestamp":"2024-11-18 15:29:03"}
{"level":"info","message":"Server running in development mode on port 5001 ...","service":"Hollywood Smile Center","timestamp":"2024-11-18 15:29:04"}
{"level":"info","message":"Logger initialized and ready to use.","service":"Hollywood Smile Center","timestamp":"2024-11-18 15:29:05"}
{"level":"info","message":"Server running in development mode on port 5001 ...","service":"Hollywood Smile Center","timestamp":"2024-11-18 15:29:05"}
{"level":"info","message":"MongoDB connected successfully","service":"Hollywood Smile Center","timestamp":"2024-11-18 15:29:06"}
{"level":"info","message":"Admin user already exists","service":"Hollywood Smile Center","timestamp":"2024-11-18 15:29:06"}
{"level":"info","message":"Logger initialized and ready to use.","service":"Hollywood Smile Center","timestamp":"2024-11-18 15:53:39"}
{"level":"info","message":"Server running in development mode on port 5001 ...","service":"Hollywood Smile Center","timestamp":"2024-11-18 15:53:44"}
{"level":"info","message":"MongoDB connected successfully","service":"Hollywood Smile Center","timestamp":"2024-11-18 15:53:46"}
{"level":"info","message":"Admin user already exists","service":"Hollywood Smile Center","timestamp":"2024-11-18 15:53:46"}
{"level":"info","message":"Logger initialized and ready to use.","service":"Hollywood Smile Center","timestamp":"2024-11-18 16:12:08"}
{"level":"info","message":"Server running in development mode on port 5001 ...","service":"Hollywood Smile Center","timestamp":"2024-11-18 16:12:10"}
{"level":"info","message":"MongoDB connected successfully","service":"Hollywood Smile Center","timestamp":"2024-11-18 16:12:11"}
{"level":"info","message":"Admin user already exists","service":"Hollywood Smile Center","timestamp":"2024-11-18 16:12:11"}
{"level":"info","message":"Logger initialized and ready to use.","service":"Hollywood Smile Center","timestamp":"2024-11-18 16:12:18"}
{"level":"info","message":"Server running in development mode on port 5001 ...","service":"Hollywood Smile Center","timestamp":"2024-11-18 16:12:19"}
{"level":"info","message":"Logger initialized and ready to use.","service":"Hollywood Smile Center","timestamp":"2024-11-18 16:12:22"}
{"level":"info","message":"Server running in development mode on port 5001 ...","service":"Hollywood Smile Center","timestamp":"2024-11-18 16:12:22"}
{"level":"info","message":"MongoDB connected successfully","service":"Hollywood Smile Center","timestamp":"2024-11-18 16:12:24"}
{"level":"info","message":"Admin user already exists","service":"Hollywood Smile Center","timestamp":"2024-11-18 16:12:24"}
{"level":"info","message":"Logger initialized and ready to use.","service":"Hollywood Smile Center","timestamp":"2024-11-18 16:12:27"}
{"level":"info","message":"Server running in development mode on port 5001 ...","service":"Hollywood Smile Center","timestamp":"2024-11-18 16:12:27"}
{"level":"info","message":"MongoDB connected successfully","service":"Hollywood Smile Center","timestamp":"2024-11-18 16:12:28"}
{"level":"info","message":"Admin user already exists","service":"Hollywood Smile Center","timestamp":"2024-11-18 16:12:28"}
{"level":"info","message":"Logger initialized and ready to use.","service":"Hollywood Smile Center","timestamp":"2024-11-18 16:12:35"}
{"level":"info","message":"Server running in development mode on port 5001 ...","service":"Hollywood Smile Center","timestamp":"2024-11-18 16:12:35"}
{"level":"info","message":"MongoDB connected successfully","service":"Hollywood Smile Center","timestamp":"2024-11-18 16:12:37"}
{"level":"info","message":"Admin user already exists","service":"Hollywood Smile Center","timestamp":"2024-11-18 16:12:37"}
{"level":"info","message":"Logger initialized and ready to use.","service":"Hollywood Smile Center","timestamp":"2024-11-18 16:12:40"}
{"level":"info","message":"Server running in development mode on port 5001 ...","service":"Hollywood Smile Center","timestamp":"2024-11-18 16:12:40"}
{"level":"info","message":"Logger initialized and ready to use.","service":"Hollywood Smile Center","timestamp":"2024-11-18 16:12:42"}
{"level":"info","message":"Server running in development mode on port 5001 ...","service":"Hollywood Smile Center","timestamp":"2024-11-18 16:12:43"}
{"level":"info","message":"MongoDB connected successfully","service":"Hollywood Smile Center","timestamp":"2024-11-18 16:12:44"}
{"level":"info","message":"Admin user already exists","service":"Hollywood Smile Center","timestamp":"2024-11-18 16:12:44"}
{"level":"info","message":"Logger initialized and ready to use.","service":"Hollywood Smile Center","timestamp":"2024-11-18 16:12:49"}
{"level":"info","message":"Server running in development mode on port 5001 ...","service":"Hollywood Smile Center","timestamp":"2024-11-18 16:12:49"}
{"level":"info","message":"MongoDB connected successfully","service":"Hollywood Smile Center","timestamp":"2024-11-18 16:12:51"}
{"level":"info","message":"Admin user already exists","service":"Hollywood Smile Center","timestamp":"2024-11-18 16:12:51"}
{"level":"info","message":"Logger initialized and ready to use.","service":"Hollywood Smile Center","timestamp":"2024-11-18 16:13:01"}
{"level":"info","message":"Server running in development mode on port 5001 ...","service":"Hollywood Smile Center","timestamp":"2024-11-18 16:13:01"}
{"level":"info","message":"MongoDB connected successfully","service":"Hollywood Smile Center","timestamp":"2024-11-18 16:13:02"}
{"level":"info","message":"Admin user already exists","service":"Hollywood Smile Center","timestamp":"2024-11-18 16:13:02"}
{"level":"info","message":"Logger initialized and ready to use.","service":"Hollywood Smile Center","timestamp":"2024-11-18 16:23:57"}
{"level":"info","message":"Server running in development mode on port 5001 ...","service":"Hollywood Smile Center","timestamp":"2024-11-18 16:23:58"}
{"level":"info","message":"MongoDB connected successfully","service":"Hollywood Smile Center","timestamp":"2024-11-18 16:23:59"}
{"level":"info","message":"Admin user already exists","service":"Hollywood Smile Center","timestamp":"2024-11-18 16:23:59"}
{"level":"info","message":"Logger initialized and ready to use.","service":"Hollywood Smile Center","timestamp":"2024-11-18 16:24:39"}
{"level":"info","message":"Server running in development mode on port 5001 ...","service":"Hollywood Smile Center","timestamp":"2024-11-18 16:24:40"}
{"level":"info","message":"MongoDB connected successfully","service":"Hollywood Smile Center","timestamp":"2024-11-18 16:24:41"}
{"level":"info","message":"Admin user already exists","service":"Hollywood Smile Center","timestamp":"2024-11-18 16:24:41"}
{"level":"info","message":"Logger initialized and ready to use.","service":"Hollywood Smile Center","timestamp":"2024-11-18 16:25:41"}
{"level":"info","message":"Server running in development mode on port 5001 ...","service":"Hollywood Smile Center","timestamp":"2024-11-18 16:25:42"}
{"level":"info","message":"Logger initialized and ready to use.","service":"Hollywood Smile Center","timestamp":"2024-11-18 16:25:48"}
{"level":"info","message":"Server running in development mode on port 5001 ...","service":"Hollywood Smile Center","timestamp":"2024-11-18 16:25:49"}
{"level":"info","message":"MongoDB connected successfully","service":"Hollywood Smile Center","timestamp":"2024-11-18 16:25:50"}
{"level":"info","message":"Admin user already exists","service":"Hollywood Smile Center","timestamp":"2024-11-18 16:25:50"}
{"level":"info","message":"Logger initialized and ready to use.","service":"Hollywood Smile Center","timestamp":"2024-11-18 16:26:17"}
{"level":"info","message":"Server running in development mode on port 5001 ...","service":"Hollywood Smile Center","timestamp":"2024-11-18 16:26:17"}
{"level":"info","message":"MongoDB connected successfully","service":"Hollywood Smile Center","timestamp":"2024-11-18 16:26:18"}
{"level":"info","message":"Admin user already exists","service":"Hollywood Smile Center","timestamp":"2024-11-18 16:26:19"}
{"level":"info","message":"Logger initialized and ready to use.","service":"Hollywood Smile Center","timestamp":"2024-11-18 16:26:23"}
{"level":"info","message":"Server running in development mode on port 5001 ...","service":"Hollywood Smile Center","timestamp":"2024-11-18 16:26:25"}
{"level":"info","message":"Logger initialized and ready to use.","service":"Hollywood Smile Center","timestamp":"2024-11-18 16:26:30"}
{"level":"info","message":"Server running in development mode on port 5001 ...","service":"Hollywood Smile Center","timestamp":"2024-11-18 16:26:31"}
{"level":"info","message":"MongoDB connected successfully","service":"Hollywood Smile Center","timestamp":"2024-11-18 16:26:32"}
{"level":"info","message":"Admin user already exists","service":"Hollywood Smile Center","timestamp":"2024-11-18 16:26:32"}
{"level":"info","message":"Logger initialized and ready to use.","service":"Hollywood Smile Center","timestamp":"2024-11-18 16:28:16"}
{"level":"info","message":"Server running in development mode on port 5001 ...","service":"Hollywood Smile Center","timestamp":"2024-11-18 16:28:17"}
{"level":"info","message":"Logger initialized and ready to use.","service":"Hollywood Smile Center","timestamp":"2024-11-18 16:28:22"}
{"level":"info","message":"Server running in development mode on port 5001 ...","service":"Hollywood Smile Center","timestamp":"2024-11-18 16:28:22"}
{"level":"info","message":"MongoDB connected successfully","service":"Hollywood Smile Center","timestamp":"2024-11-18 16:28:23"}
{"level":"info","message":"Admin user already exists","service":"Hollywood Smile Center","timestamp":"2024-11-18 16:28:23"}
{"level":"info","message":"Logger initialized and ready to use.","service":"Hollywood Smile Center","timestamp":"2024-11-18 16:28:54"}
{"level":"info","message":"Server running in development mode on port 5001 ...","service":"Hollywood Smile Center","timestamp":"2024-11-18 16:28:54"}
{"level":"info","message":"MongoDB connected successfully","service":"Hollywood Smile Center","timestamp":"2024-11-18 16:28:55"}
{"level":"info","message":"Admin user already exists","service":"Hollywood Smile Center","timestamp":"2024-11-18 16:28:56"}
{"level":"info","message":"Logger initialized and ready to use.","service":"Hollywood Smile Center","timestamp":"2024-11-18 16:29:05"}
{"level":"info","message":"Server running in development mode on port 5001 ...","service":"Hollywood Smile Center","timestamp":"2024-11-18 16:29:06"}
{"level":"info","message":"MongoDB connected successfully","service":"Hollywood Smile Center","timestamp":"2024-11-18 16:29:07"}
{"level":"info","message":"Admin user already exists","service":"Hollywood Smile Center","timestamp":"2024-11-18 16:29:07"}
{"level":"info","message":"Logger initialized and ready to use.","service":"Hollywood Smile Center","timestamp":"2024-11-18 16:29:10"}
{"level":"info","message":"Server running in development mode on port 5001 ...","service":"Hollywood Smile Center","timestamp":"2024-11-18 16:29:11"}
{"level":"info","message":"MongoDB connected successfully","service":"Hollywood Smile Center","timestamp":"2024-11-18 16:29:12"}
{"level":"info","message":"Admin user already exists","service":"Hollywood Smile Center","timestamp":"2024-11-18 16:29:12"}
{"level":"info","message":"Logger initialized and ready to use.","service":"Hollywood Smile Center","timestamp":"2024-11-18 16:29:19"}
{"level":"info","message":"Server running in development mode on port 5001 ...","service":"Hollywood Smile Center","timestamp":"2024-11-18 16:29:20"}
{"level":"info","message":"MongoDB connected successfully","service":"Hollywood Smile Center","timestamp":"2024-11-18 16:29:21"}
{"level":"info","message":"Admin user already exists","service":"Hollywood Smile Center","timestamp":"2024-11-18 16:29:21"}
{"level":"info","message":"Logger initialized and ready to use.","service":"Hollywood Smile Center","timestamp":"2024-11-18 16:31:05"}
{"level":"info","message":"Server running in development mode on port 5001 ...","service":"Hollywood Smile Center","timestamp":"2024-11-18 16:31:06"}
{"level":"info","message":"MongoDB connected successfully","service":"Hollywood Smile Center","timestamp":"2024-11-18 16:31:07"}
{"level":"info","message":"Admin user created","service":"Hollywood Smile Center","timestamp":"2024-11-18 16:31:08"}
{"level":"info","message":"Logger initialized and ready to use.","service":"Hollywood Smile Center","timestamp":"2024-11-18 16:33:28"}
{"level":"info","message":"Server running in development mode on port 5001 ...","service":"Hollywood Smile Center","timestamp":"2024-11-18 16:33:29"}
{"level":"info","message":"Logger initialized and ready to use.","service":"Hollywood Smile Center","timestamp":"2024-11-18 16:33:33"}
{"level":"info","message":"Server running in development mode on port 5001 ...","service":"Hollywood Smile Center","timestamp":"2024-11-18 16:33:33"}
{"level":"info","message":"MongoDB connected successfully","service":"Hollywood Smile Center","timestamp":"2024-11-18 16:33:34"}
{"level":"info","message":"Admin user already exists","service":"Hollywood Smile Center","timestamp":"2024-11-18 16:33:34"}
{"level":"info","message":"Logger initialized and ready to use.","service":"Hollywood Smile Center","timestamp":"2024-11-18 16:33:37"}
{"level":"info","message":"Server running in development mode on port 5001 ...","service":"Hollywood Smile Center","timestamp":"2024-11-18 16:33:38"}
{"level":"info","message":"Logger initialized and ready to use.","service":"Hollywood Smile Center","timestamp":"2024-11-18 16:33:40"}
{"level":"info","message":"Server running in development mode on port 5001 ...","service":"Hollywood Smile Center","timestamp":"2024-11-18 16:33:40"}
{"level":"info","message":"MongoDB connected successfully","service":"Hollywood Smile Center","timestamp":"2024-11-18 16:33:41"}
{"level":"info","message":"Admin user already exists","service":"Hollywood Smile Center","timestamp":"2024-11-18 16:33:41"}
{"level":"info","message":"Logger initialized and ready to use.","service":"Hollywood Smile Center","timestamp":"2024-11-18 16:37:12"}
{"level":"info","message":"Server running in development mode on port 5001 ...","service":"Hollywood Smile Center","timestamp":"2024-11-18 16:37:13"}
{"level":"info","message":"Logger initialized and ready to use.","service":"Hollywood Smile Center","timestamp":"2024-11-18 16:37:15"}
{"level":"info","message":"Server running in development mode on port 5001 ...","service":"Hollywood Smile Center","timestamp":"2024-11-18 16:37:15"}
{"level":"info","message":"Logger initialized and ready to use.","service":"Hollywood Smile Center","timestamp":"2024-11-18 16:37:20"}
{"level":"info","message":"Server running in development mode on port 5001 ...","service":"Hollywood Smile Center","timestamp":"2024-11-18 16:37:21"}
{"level":"info","message":"Logger initialized and ready to use.","service":"Hollywood Smile Center","timestamp":"2024-11-18 16:37:23"}
{"level":"info","message":"Server running in development mode on port 5001 ...","service":"Hollywood Smile Center","timestamp":"2024-11-18 16:37:23"}
{"level":"info","message":"Logger initialized and ready to use.","service":"Hollywood Smile Center","timestamp":"2024-11-18 16:37:25"}
{"level":"info","message":"Server running in development mode on port 5001 ...","service":"Hollywood Smile Center","timestamp":"2024-11-18 16:37:25"}
{"level":"info","message":"MongoDB connected successfully","service":"Hollywood Smile Center","timestamp":"2024-11-18 16:37:26"}
{"level":"info","message":"Admin user already exists","service":"Hollywood Smile Center","timestamp":"2024-11-18 16:37:26"}
{"level":"info","message":"Logger initialized and ready to use.","service":"Hollywood Smile Center","timestamp":"2024-11-18 16:37:27"}
{"level":"info","message":"Server running in development mode on port 5001 ...","service":"Hollywood Smile Center","timestamp":"2024-11-18 16:37:28"}
{"level":"info","message":"MongoDB connected successfully","service":"Hollywood Smile Center","timestamp":"2024-11-18 16:37:29"}
{"level":"info","message":"Admin user already exists","service":"Hollywood Smile Center","timestamp":"2024-11-18 16:37:29"}
{"level":"info","message":"Logger initialized and ready to use.","service":"Hollywood Smile Center","timestamp":"2024-11-18 16:37:31"}
{"level":"info","message":"Server running in development mode on port 5001 ...","service":"Hollywood Smile Center","timestamp":"2024-11-18 16:37:31"}
{"level":"info","message":"MongoDB connected successfully","service":"Hollywood Smile Center","timestamp":"2024-11-18 16:37:33"}
{"level":"info","message":"Admin user already exists","service":"Hollywood Smile Center","timestamp":"2024-11-18 16:37:33"}
{"level":"info","message":"Logger initialized and ready to use.","service":"Hollywood Smile Center","timestamp":"2024-11-18 16:37:42"}
{"level":"info","message":"Server running in development mode on port 5001 ...","service":"Hollywood Smile Center","timestamp":"2024-11-18 16:37:42"}
{"level":"info","message":"Logger initialized and ready to use.","service":"Hollywood Smile Center","timestamp":"2024-11-18 16:37:45"}
{"level":"info","message":"Server running in development mode on port 5001 ...","service":"Hollywood Smile Center","timestamp":"2024-11-18 16:37:45"}
{"level":"info","message":"MongoDB connected successfully","service":"Hollywood Smile Center","timestamp":"2024-11-18 16:37:46"}
{"level":"info","message":"Admin user already exists","service":"Hollywood Smile Center","timestamp":"2024-11-18 16:37:46"}
{"level":"info","message":"Logger initialized and ready to use.","service":"Hollywood Smile Center","timestamp":"2024-11-18 16:37:48"}
{"level":"info","message":"Server running in development mode on port 5001 ...","service":"Hollywood Smile Center","timestamp":"2024-11-18 16:37:48"}
{"level":"info","message":"Logger initialized and ready to use.","service":"Hollywood Smile Center","timestamp":"2024-11-18 16:37:51"}
{"level":"info","message":"Server running in development mode on port 5001 ...","service":"Hollywood Smile Center","timestamp":"2024-11-18 16:37:51"}
{"level":"info","message":"MongoDB connected successfully","service":"Hollywood Smile Center","timestamp":"2024-11-18 16:37:52"}
{"level":"info","message":"Admin user already exists","service":"Hollywood Smile Center","timestamp":"2024-11-18 16:37:52"}
{"level":"info","message":"Logger initialized and ready to use.","service":"Hollywood Smile Center","timestamp":"2024-11-18 16:37:54"}
{"level":"info","message":"Server running in development mode on port 5001 ...","service":"Hollywood Smile Center","timestamp":"2024-11-18 16:37:54"}
{"level":"info","message":"MongoDB connected successfully","service":"Hollywood Smile Center","timestamp":"2024-11-18 16:37:55"}
{"level":"info","message":"Admin user already exists","service":"Hollywood Smile Center","timestamp":"2024-11-18 16:37:55"}
{"level":"info","message":"Logger initialized and ready to use.","service":"Hollywood Smile Center","timestamp":"2024-11-18 16:37:58"}
{"level":"info","message":"Server running in development mode on port 5001 ...","service":"Hollywood Smile Center","timestamp":"2024-11-18 16:37:59"}
{"level":"info","message":"MongoDB connected successfully","service":"Hollywood Smile Center","timestamp":"2024-11-18 16:38:00"}
{"level":"info","message":"Admin user already exists","service":"Hollywood Smile Center","timestamp":"2024-11-18 16:38:00"}
{"level":"info","message":"Logger initialized and ready to use.","service":"Hollywood Smile Center","timestamp":"2024-11-18 21:53:29"}
{"level":"info","message":"Server running in development mode on port 5001 ...","service":"Hollywood Smile Center","timestamp":"2024-11-18 21:53:34"}
{"level":"info","message":"MongoDB connected successfully","service":"Hollywood Smile Center","timestamp":"2024-11-18 21:53:35"}
{"level":"info","message":"Admin user already exists","service":"Hollywood Smile Center","timestamp":"2024-11-18 21:53:36"}
{"level":"info","message":"Logger initialized and ready to use.","service":"Hollywood Smile Center","timestamp":"2024-11-20 13:21:05"}
{"level":"info","message":"Server running in development mode on port 5001 ...","service":"Hollywood Smile Center","timestamp":"2024-11-20 13:21:09"}
{"level":"info","message":"MongoDB connected successfully","service":"Hollywood Smile Center","timestamp":"2024-11-20 13:21:11"}
{"level":"info","message":"Admin user already exists","service":"Hollywood Smile Center","timestamp":"2024-11-20 13:21:11"}
{"level":"info","message":"Logger initialized and ready to use.","service":"Hollywood Smile Center","timestamp":"2024-11-20 22:41:28"}
{"level":"info","message":"Server running in development mode on port 5001 ...","service":"Hollywood Smile Center","timestamp":"2024-11-20 22:41:32"}
{"level":"info","message":"MongoDB connected successfully","service":"Hollywood Smile Center","timestamp":"2024-11-20 22:41:33"}
{"level":"info","message":"Admin user already exists","service":"Hollywood Smile Center","timestamp":"2024-11-20 22:41:33"}
{"level":"info","message":"Logger initialized and ready to use.","service":"Hollywood Smile Center","timestamp":"2024-11-20 22:41:52"}
{"level":"info","message":"Server running in development mode on port 5001 ...","service":"Hollywood Smile Center","timestamp":"2024-11-20 22:41:53"}
{"level":"info","message":"MongoDB connected successfully","service":"Hollywood Smile Center","timestamp":"2024-11-20 22:41:54"}
{"level":"info","message":"Admin user already exists","service":"Hollywood Smile Center","timestamp":"2024-11-20 22:41:54"}
{"level":"info","message":"Logger initialized and ready to use.","service":"Hollywood Smile Center","timestamp":"2024-11-20 22:42:35"}
{"level":"info","message":"Server running in development mode on port 5001 ...","service":"Hollywood Smile Center","timestamp":"2024-11-20 22:42:35"}
{"level":"info","message":"MongoDB connected successfully","service":"Hollywood Smile Center","timestamp":"2024-11-20 22:42:36"}
{"level":"info","message":"Admin user already exists","service":"Hollywood Smile Center","timestamp":"2024-11-20 22:42:37"}
{"level":"info","message":"Logger initialized and ready to use.","service":"Hollywood Smile Center","timestamp":"2024-11-20 22:44:17"}
{"level":"info","message":"Server running in development mode on port 5001 ...","service":"Hollywood Smile Center","timestamp":"2024-11-20 22:44:18"}
{"level":"info","message":"MongoDB connected successfully","service":"Hollywood Smile Center","timestamp":"2024-11-20 22:44:19"}
{"level":"info","message":"Admin user already exists","service":"Hollywood Smile Center","timestamp":"2024-11-20 22:44:19"}
{"level":"info","message":"Logger initialized and ready to use.","service":"Hollywood Smile Center","timestamp":"2024-11-20 22:45:05"}
{"level":"info","message":"Server running in development mode on port 5001 ...","service":"Hollywood Smile Center","timestamp":"2024-11-20 22:45:05"}
{"level":"info","message":"MongoDB connected successfully","service":"Hollywood Smile Center","timestamp":"2024-11-20 22:45:07"}
{"level":"info","message":"Admin user already exists","service":"Hollywood Smile Center","timestamp":"2024-11-20 22:45:07"}
{"level":"info","message":"Logger initialized and ready to use.","service":"Hollywood Smile Center","timestamp":"2024-11-20 22:45:16"}
{"level":"info","message":"Server running in development mode on port 5001 ...","service":"Hollywood Smile Center","timestamp":"2024-11-20 22:45:16"}
{"level":"info","message":"MongoDB connected successfully","service":"Hollywood Smile Center","timestamp":"2024-11-20 22:45:17"}
{"level":"info","message":"Admin user already exists","service":"Hollywood Smile Center","timestamp":"2024-11-20 22:45:18"}
{"level":"info","message":"Logger initialized and ready to use.","service":"Hollywood Smile Center","timestamp":"2024-11-20 22:46:17"}
{"level":"info","message":"Server running in development mode on port 5001 ...","service":"Hollywood Smile Center","timestamp":"2024-11-20 22:46:17"}
{"level":"info","message":"MongoDB connected successfully","service":"Hollywood Smile Center","timestamp":"2024-11-20 22:46:18"}
{"level":"info","message":"Admin user already exists","service":"Hollywood Smile Center","timestamp":"2024-11-20 22:46:18"}
{"level":"info","message":"Logger initialized and ready to use.","service":"Hollywood Smile Center","timestamp":"2024-11-20 22:46:58"}
{"level":"info","message":"Server running in development mode on port 5001 ...","service":"Hollywood Smile Center","timestamp":"2024-11-20 22:46:58"}
{"level":"info","message":"MongoDB connected successfully","service":"Hollywood Smile Center","timestamp":"2024-11-20 22:46:59"}
{"level":"info","message":"Admin user already exists","service":"Hollywood Smile Center","timestamp":"2024-11-20 22:47:00"}
{"level":"info","message":"Logger initialized and ready to use.","service":"Hollywood Smile Center","timestamp":"2024-11-20 22:51:18"}
{"level":"info","message":"Server running in development mode on port 5001 ...","service":"Hollywood Smile Center","timestamp":"2024-11-20 22:51:18"}
{"level":"info","message":"MongoDB connected successfully","service":"Hollywood Smile Center","timestamp":"2024-11-20 22:51:19"}
{"level":"info","message":"Admin user already exists","service":"Hollywood Smile Center","timestamp":"2024-11-20 22:51:20"}
{"level":"info","message":"Logger initialized and ready to use.","service":"Hollywood Smile Center","timestamp":"2024-11-20 22:53:08"}
{"level":"info","message":"Server running in development mode on port 5001 ...","service":"Hollywood Smile Center","timestamp":"2024-11-20 22:53:08"}
{"level":"info","message":"MongoDB connected successfully","service":"Hollywood Smile Center","timestamp":"2024-11-20 22:53:09"}
{"level":"info","message":"Logger initialized and ready to use.","service":"Hollywood Smile Center","timestamp":"2024-11-20 22:53:13"}
{"level":"info","message":"Server running in development mode on port 5001 ...","service":"Hollywood Smile Center","timestamp":"2024-11-20 22:53:13"}
{"level":"info","message":"MongoDB connected successfully","service":"Hollywood Smile Center","timestamp":"2024-11-20 22:53:15"}
{"level":"info","message":"Logger initialized and ready to use.","service":"Hollywood Smile Center","timestamp":"2024-11-20 22:53:19"}
{"level":"info","message":"Server running in development mode on port 5001 ...","service":"Hollywood Smile Center","timestamp":"2024-11-20 22:53:20"}
{"level":"info","message":"Logger initialized and ready to use.","service":"Hollywood Smile Center","timestamp":"2024-11-20 22:53:22"}
{"level":"info","message":"Server running in development mode on port 5001 ...","service":"Hollywood Smile Center","timestamp":"2024-11-20 22:53:22"}
{"level":"info","message":"MongoDB connected successfully","service":"Hollywood Smile Center","timestamp":"2024-11-20 22:53:23"}
{"level":"info","message":"Admin user already exists","service":"Hollywood Smile Center","timestamp":"2024-11-20 22:53:23"}
{"level":"info","message":"Logger initialized and ready to use.","service":"Hollywood Smile Center","timestamp":"2024-11-20 22:53:34"}
{"level":"info","message":"Server running in development mode on port 5001 ...","service":"Hollywood Smile Center","timestamp":"2024-11-20 22:53:35"}
{"level":"info","message":"MongoDB connected successfully","service":"Hollywood Smile Center","timestamp":"2024-11-20 22:53:36"}
{"level":"info","message":"Admin user already exists","service":"Hollywood Smile Center","timestamp":"2024-11-20 22:53:36"}
{"level":"info","message":"Logger initialized and ready to use.","service":"Hollywood Smile Center","timestamp":"2024-11-20 23:04:07"}
{"level":"info","message":"Server running in development mode on port 5001 ...","service":"Hollywood Smile Center","timestamp":"2024-11-20 23:04:10"}
{"level":"info","message":"MongoDB connected successfully","service":"Hollywood Smile Center","timestamp":"2024-11-20 23:04:11"}
{"level":"info","message":"Admin user already exists","service":"Hollywood Smile Center","timestamp":"2024-11-20 23:04:11"}
{"level":"info","message":"Logger initialized and ready to use.","service":"Hollywood Smile Center","timestamp":"2024-11-20 23:05:16"}
{"level":"info","message":"Server running in development mode on port 5001 ...","service":"Hollywood Smile Center","timestamp":"2024-11-20 23:05:17"}
{"level":"info","message":"MongoDB connected successfully","service":"Hollywood Smile Center","timestamp":"2024-11-20 23:05:18"}
{"level":"info","message":"Admin user already exists","service":"Hollywood Smile Center","timestamp":"2024-11-20 23:05:18"}
{"level":"info","message":"Logger initialized and ready to use.","service":"Hollywood Smile Center","timestamp":"2024-11-20 23:05:22"}
{"level":"info","message":"Server running in development mode on port 5001 ...","service":"Hollywood Smile Center","timestamp":"2024-11-20 23:05:23"}
{"level":"info","message":"Logger initialized and ready to use.","service":"Hollywood Smile Center","timestamp":"2024-11-20 23:05:26"}
{"level":"info","message":"Server running in development mode on port 5001 ...","service":"Hollywood Smile Center","timestamp":"2024-11-20 23:05:27"}
{"level":"info","message":"MongoDB connected successfully","service":"Hollywood Smile Center","timestamp":"2024-11-20 23:05:28"}
{"level":"info","message":"Admin user already exists","service":"Hollywood Smile Center","timestamp":"2024-11-20 23:05:28"}
{"level":"info","message":"Logger initialized and ready to use.","service":"Hollywood Smile Center","timestamp":"2024-11-20 23:06:01"}
{"level":"info","message":"Server running in development mode on port 5001 ...","service":"Hollywood Smile Center","timestamp":"2024-11-20 23:06:01"}
{"level":"info","message":"MongoDB connected successfully","service":"Hollywood Smile Center","timestamp":"2024-11-20 23:06:02"}
{"level":"info","message":"Admin user already exists","service":"Hollywood Smile Center","timestamp":"2024-11-20 23:06:02"}
{"level":"info","message":"Logger initialized and ready to use.","service":"Hollywood Smile Center","timestamp":"2024-11-20 23:06:23"}
{"level":"info","message":"Server running in development mode on port 5001 ...","service":"Hollywood Smile Center","timestamp":"2024-11-20 23:06:24"}
{"level":"info","message":"MongoDB connected successfully","service":"Hollywood Smile Center","timestamp":"2024-11-20 23:06:25"}
{"level":"info","message":"Admin user already exists","service":"Hollywood Smile Center","timestamp":"2024-11-20 23:06:25"}
{"level":"info","message":"Logger initialized and ready to use.","service":"Hollywood Smile Center","timestamp":"2024-11-20 23:06:30"}
{"level":"info","message":"Server running in development mode on port 5001 ...","service":"Hollywood Smile Center","timestamp":"2024-11-20 23:06:30"}
{"level":"info","message":"MongoDB connected successfully","service":"Hollywood Smile Center","timestamp":"2024-11-20 23:06:31"}
{"level":"info","message":"Admin user already exists","service":"Hollywood Smile Center","timestamp":"2024-11-20 23:06:31"}
{"level":"info","message":"Logger initialized and ready to use.","service":"Hollywood Smile Center","timestamp":"2024-11-20 23:08:09"}
{"level":"info","message":"Server running in development mode on port 5001 ...","service":"Hollywood Smile Center","timestamp":"2024-11-20 23:08:09"}
{"level":"info","message":"Logger initialized and ready to use.","service":"Hollywood Smile Center","timestamp":"2024-11-20 23:08:11"}
{"level":"info","message":"Server running in development mode on port 5001 ...","service":"Hollywood Smile Center","timestamp":"2024-11-20 23:08:12"}
{"level":"info","message":"MongoDB connected successfully","service":"Hollywood Smile Center","timestamp":"2024-11-20 23:08:13"}
{"level":"info","message":"Admin user already exists","service":"Hollywood Smile Center","timestamp":"2024-11-20 23:08:13"}
{"level":"info","message":"Logger initialized and ready to use.","service":"Hollywood Smile Center","timestamp":"2024-11-20 23:10:16"}
{"level":"info","message":"Server running in development mode on port 5001 ...","service":"Hollywood Smile Center","timestamp":"2024-11-20 23:10:17"}
{"level":"info","message":"MongoDB connected successfully","service":"Hollywood Smile Center","timestamp":"2024-11-20 23:10:18"}
{"level":"info","message":"Admin user already exists","service":"Hollywood Smile Center","timestamp":"2024-11-20 23:10:18"}
{"level":"info","message":"Logger initialized and ready to use.","service":"Hollywood Smile Center","timestamp":"2024-11-20 23:11:28"}
{"level":"info","message":"Server running in development mode on port 5001 ...","service":"Hollywood Smile Center","timestamp":"2024-11-20 23:11:28"}
{"level":"info","message":"Logger initialized and ready to use.","service":"Hollywood Smile Center","timestamp":"2024-11-20 23:11:30"}
{"level":"info","message":"Server running in development mode on port 5001 ...","service":"Hollywood Smile Center","timestamp":"2024-11-20 23:11:30"}
{"level":"info","message":"MongoDB connected successfully","service":"Hollywood Smile Center","timestamp":"2024-11-20 23:11:31"}
{"level":"info","message":"Admin user already exists","service":"Hollywood Smile Center","timestamp":"2024-11-20 23:11:31"}
{"level":"info","message":"Logger initialized and ready to use.","service":"Hollywood Smile Center","timestamp":"2024-11-20 23:12:11"}
{"level":"info","message":"Server running in development mode on port 5001 ...","service":"Hollywood Smile Center","timestamp":"2024-11-20 23:12:11"}
{"level":"info","message":"MongoDB connected successfully","service":"Hollywood Smile Center","timestamp":"2024-11-20 23:12:13"}
{"level":"info","message":"Admin user already exists","service":"Hollywood Smile Center","timestamp":"2024-11-20 23:12:13"}
{"level":"info","message":"Logger initialized and ready to use.","service":"Hollywood Smile Center","timestamp":"2024-11-20 23:12:37"}
{"level":"info","message":"Server running in development mode on port 5001 ...","service":"Hollywood Smile Center","timestamp":"2024-11-20 23:12:38"}
{"level":"info","message":"MongoDB connected successfully","service":"Hollywood Smile Center","timestamp":"2024-11-20 23:12:39"}
{"level":"info","message":"Admin user already exists","service":"Hollywood Smile Center","timestamp":"2024-11-20 23:12:39"}
{"level":"info","message":"Logger initialized and ready to use.","service":"Hollywood Smile Center","timestamp":"2024-11-21 13:22:41"}
{"level":"info","message":"Server running in development mode on port 5001 ...","service":"Hollywood Smile Center","timestamp":"2024-11-21 13:23:02"}
{"level":"info","message":"MongoDB connected successfully","service":"Hollywood Smile Center","timestamp":"2024-11-21 13:23:07"}
{"level":"info","message":"Admin user already exists","service":"Hollywood Smile Center","timestamp":"2024-11-21 13:23:07"}
{"level":"info","message":"Logger initialized and ready to use.","service":"Hollywood Smile Center","timestamp":"2024-11-21 13:30:27"}
{"level":"info","message":"Server running in development mode on port 5001 ...","service":"Hollywood Smile Center","timestamp":"2024-11-21 13:30:29"}
{"level":"info","message":"MongoDB connected successfully","service":"Hollywood Smile Center","timestamp":"2024-11-21 13:30:30"}
{"level":"info","message":"Admin user already exists","service":"Hollywood Smile Center","timestamp":"2024-11-21 13:30:31"}
{"level":"info","message":"Logger initialized and ready to use.","service":"Hollywood Smile Center","timestamp":"2024-11-21 14:22:26"}
{"level":"info","message":"Server running in development mode on port 5001 ...","service":"Hollywood Smile Center","timestamp":"2024-11-21 14:22:28"}
{"level":"info","message":"MongoDB connected successfully","service":"Hollywood Smile Center","timestamp":"2024-11-21 14:22:29"}
{"level":"info","message":"Admin user already exists","service":"Hollywood Smile Center","timestamp":"2024-11-21 14:22:29"}
{"level":"info","message":"Logger initialized and ready to use.","service":"Hollywood Smile Center","timestamp":"2024-11-21 14:45:29"}
{"level":"info","message":"Server running in development mode on port 5001 ...","service":"Hollywood Smile Center","timestamp":"2024-11-21 14:45:31"}
{"level":"info","message":"MongoDB connected successfully","service":"Hollywood Smile Center","timestamp":"2024-11-21 14:45:32"}
{"level":"info","message":"Admin user already exists","service":"Hollywood Smile Center","timestamp":"2024-11-21 14:45:32"}
{"level":"info","message":"Logger initialized and ready to use.","service":"Hollywood Smile Center","timestamp":"2024-11-21 15:18:30"}
{"level":"info","message":"Server running in development mode on port 5001 ...","service":"Hollywood Smile Center","timestamp":"2024-11-21 15:18:33"}
{"level":"info","message":"MongoDB connected successfully","service":"Hollywood Smile Center","timestamp":"2024-11-21 15:18:35"}
{"level":"info","message":"Admin user already exists","service":"Hollywood Smile Center","timestamp":"2024-11-21 15:18:35"}
